Tabla 1: Cantidad total de eventos por estado para cada misión y dispositivo
============================================================================
+---------------------------------+----------------------+----------------------+----------------------+----------------------+----------------------+
|       Dispositivo / Estado      |         CLNM         |       GALXONE        |        ORBONE        |         TMRS         |        Total         |
+---------------------------------+----------------------+----------------------+----------------------+----------------------+----------------------+
|    nave espacial - excelente    |          7           |          0           |          0           |          3           |          10          |
|      nave espacial - bueno      |          5           |          0           |          3           |          1           |          9           |
|   nave espacial - advertencia   |          14          |          0           |          0           |          0           |          14          |
|    nave espacial - defectuoso   |          6           |          0           |          0           |          1           |          7           |
|    nave espacial - inoperable   |          1           |          0           |          4           |          0           |          5           |
|   nave espacial - desconocido   |          3           |          0           |          0           |          1           |          4           |
|       --------------------      | -------------------- | -------------------- | -------------------- | -------------------- | -------------------- |
|    robot espacial - excelente   |          0           |          0           |          0           |          0           |          0           |
|      robot espacial - bueno     |          2           |          0           |          0           |          1           |          3           |
|   robot espacial - advertencia  |          0           |          0           |          0           |          0           |          0           |
|   robot espacial - defectuoso   |          0           |          0           |          0           |          0           |          0           |
|   robot espacial - inoperable   |          0           |          0           |          0           |          1           |          1           |
|   robot espacial - desconocido  |          1           |          0           |          0           |          0           |          1           |
|       --------------------      | -------------------- | -------------------- | -------------------- | -------------------- | -------------------- |
|       satelite - excelente      |          0           |          3           |          0           |          2           |          5           |
|         satelite - bueno        |          1           |          1           |          1           |          1           |          4           |
|      satelite - advertencia     |          1           |          3           |          1           |          3           |          8           |
|      satelite - defectuoso      |          0           |          1           |          1           |          2           |          4           |
|      satelite - inoperable      |          0           |          0           |          1           |          2           |          3           |
|      satelite - desconocido     |          0           |          3           |          1           |          4           |          8           |
|       --------------------      | -------------------- | -------------------- | -------------------- | -------------------- | -------------------- |
|    traje espacial - excelente   |          0           |          0           |          0           |          0           |          0           |
|      traje espacial - bueno     |          1           |          0           |          0           |          0           |          1           |
|   traje espacial - advertencia  |          0           |          0           |          0           |          0           |          0           |
|   traje espacial - defectuoso   |          0           |          0           |          0           |          0           |          0           |
|   traje espacial - inoperable   |          0           |          0           |          0           |          0           |          0           |
|   traje espacial - desconocido  |          0           |          0           |          0           |          0           |          0           |
|       --------------------      | -------------------- | -------------------- | -------------------- | -------------------- | -------------------- |
|  vehiculo espacial - excelente  |          1           |          0           |          0           |          1           |          2           |
|    vehiculo espacial - bueno    |          0           |          0           |          0           |          0           |          0           |
| vehiculo espacial - advertencia |          0           |          0           |          0           |          0           |          0           |
|  vehiculo espacial - defectuoso |          0           |          1           |          0           |          0           |          1           |
|  vehiculo espacial - inoperable |          1           |          2           |          1           |          0           |          4           |
| vehiculo espacial - desconocido |          0           |          0           |          0           |          1           |          1           |
|       --------------------      | -------------------- | -------------------- | -------------------- | -------------------- | -------------------- |
|              Total              |          44          |          14          |          13          |          24          |          95          |
+---------------------------------+----------------------+----------------------+----------------------+----------------------+----------------------+
Tabla 2: Dispositivos con mayor número de desconexiones 'desconocido' para cada misión
======================================================================================
+---------+---------------------+-----------------------------+
|  Misión | Tipo de Dispositivo | Desconexiones 'desconocido' |
+---------+---------------------+-----------------------------+
|   CLNM  |    nave espacial    |              3              |
|   CLNM  |    robot espacial   |              1              |
| GALXONE |       satelite      |              3              |
|  ORBONE |       satelite      |              1              |
|   TMRS  |    nave espacial    |              1              |
|   TMRS  |       satelite      |              4              |
|   TMRS  |  vehiculo espacial  |              1              |
|   UNKN  |     desconocido     |              13             |
+---------+---------------------+-----------------------------+
Tabla 3: Porcentaje de datos generados para cada dispositivo y misión
=====================================================================
+---------+---------------------+---------------------+
|  Misión | Tipo de Dispositivo | Porcentaje de Datos |
+---------+---------------------+---------------------+
|   CLNM  |    nave espacial    |        33.33%       |
|   CLNM  |  vehiculo espacial  |        1.85%        |
|   CLNM  |    robot espacial   |        2.78%        |
|   CLNM  |       satelite      |        1.85%        |
|   CLNM  |    traje espacial   |        0.93%        |
| GALXONE |       satelite      |        10.19%       |
| GALXONE |  vehiculo espacial  |        2.78%        |
|  ORBONE |    nave espacial    |        6.48%        |
|  ORBONE |       satelite      |        4.63%        |
|  ORBONE |  vehiculo espacial  |        0.93%        |
|   TMRS  |  vehiculo espacial  |        1.85%        |
|   TMRS  |       satelite      |        12.96%       |
|   TMRS  |    robot espacial   |        1.85%        |
|   TMRS  |    nave espacial    |        5.56%        |
|   UNKN  |     desconocido     |        12.04%       |
+---------+---------------------+---------------------+
Tabla 4: Consolidado de todas las misiones para determinar cuántos dispositivos son inoperables
===============================================================================================
+---------+---------------------+--------------------------+
|  Misión | Tipo de Dispositivo | Dispositivos Inoperables |
+---------+---------------------+--------------------------+
|   CLNM  |  vehiculo espacial  |            1             |
|   CLNM  |    nave espacial    |            1             |
| GALXONE |  vehiculo espacial  |            2             |
|  ORBONE |    nave espacial    |            4             |
|  ORBONE |       satelite      |            1             |
|  ORBONE |  vehiculo espacial  |            1             |
|   TMRS  |       satelite      |            2             |
|   TMRS  |    robot espacial   |            1             |
+---------+---------------------+--------------------------+
